{"$message_type":"diagnostic","message":"cannot find type `Tick` in this scope","code":{"code":"E0412","explanation":"A used type name is not in scope.\n\nErroneous code examples:\n\n```compile_fail,E0412\nimpl Something {} // error: type name `Something` is not in scope\n\n// or:\n\ntrait Foo {\n    fn bar(N); // error: type name `N` is not in scope\n}\n\n// or:\n\nfn foo(x: T) {} // type name `T` is not in scope\n```\n\nTo fix this error, please verify you didn't misspell the type name, you did\ndeclare it or imported it into the scope. Examples:\n\n```\nstruct Something;\n\nimpl Something {} // ok!\n\n// or:\n\ntrait Foo {\n    type N;\n\n    fn bar(_: Self::N); // ok!\n}\n\n// or:\n\nfn foo<T>(x: T) {} // ok!\n```\n\nAnother case that causes this error is when a type is imported into a parent\nmodule. To fix this, you can follow the suggestion and use File directly or\n`use super::File;` which will import the types from the parent namespace. An\nexample that causes this error is below:\n\n```compile_fail,E0412\nuse std::fs::File;\n\nmod foo {\n    fn some_function(f: File) {}\n}\n```\n\n```\nuse std::fs::File;\n\nmod foo {\n    // either\n    use super::File;\n    // or\n    // use std::fs::File;\n    fn foo(f: File) {}\n}\n# fn main() {} // don't insert it for us; that'll break imports\n```\n"},"level":"error","spans":[{"file_name":"src/kernel/event.rs","byte_start":874,"byte_end":878,"line_start":38,"line_end":38,"column_start":22,"column_end":26,"is_primary":true,"text":[{"text":"    pub proposed_at: Tick,","highlight_start":22,"highlight_end":26}],"label":"not found in this scope","suggested_replacement":null,"suggestion_applicability":null,"expansion":null}],"children":[{"message":"consider importing this struct","code":null,"level":"help","spans":[{"file_name":"src/kernel/event.rs","byte_start":28,"byte_end":28,"line_start":4,"line_end":4,"column_start":1,"column_end":1,"is_primary":true,"text":[{"text":"#[derive(Debug, Clone, Copy, PartialEq, Eq, Hash)]","highlight_start":1,"highlight_end":1}],"label":null,"suggested_replacement":"use crate::kernel::time::Tick;\n\n","suggestion_applicability":"MaybeIncorrect","expansion":null}],"children":[],"rendered":null}],"rendered":"\u001b[1m\u001b[91merror[E0412]\u001b[0m\u001b[1m: cannot find type `Tick` in this scope\u001b[0m\n  \u001b[1m\u001b[94m--> \u001b[0msrc/kernel/event.rs:38:22\n   \u001b[1m\u001b[94m|\u001b[0m\n\u001b[1m\u001b[94m38\u001b[0m \u001b[1m\u001b[94m|\u001b[0m \u001b[1m\u001b[94m...\u001b[0m_at: Tick,\n   \u001b[1m\u001b[94m|\u001b[0m         \u001b[1m\u001b[91m^^^^\u001b[0m \u001b[1m\u001b[91mnot found in this scope\u001b[0m\n   \u001b[1m\u001b[94m|\u001b[0m\n\u001b[1m\u001b[96mhelp\u001b[0m: consider importing this struct\n   \u001b[1m\u001b[94m|\u001b[0m\n \u001b[1m\u001b[94m4\u001b[0m \u001b[92m+ use crate::kernel::time::Tick;\u001b[0m\n   \u001b[1m\u001b[94m|\u001b[0m\n\n"}
{"$message_type":"diagnostic","message":"cannot find type `Tick` in this scope","code":{"code":"E0412","explanation":"A used type name is not in scope.\n\nErroneous code examples:\n\n```compile_fail,E0412\nimpl Something {} // error: type name `Something` is not in scope\n\n// or:\n\ntrait Foo {\n    fn bar(N); // error: type name `N` is not in scope\n}\n\n// or:\n\nfn foo(x: T) {} // type name `T` is not in scope\n```\n\nTo fix this error, please verify you didn't misspell the type name, you did\ndeclare it or imported it into the scope. Examples:\n\n```\nstruct Something;\n\nimpl Something {} // ok!\n\n// or:\n\ntrait Foo {\n    type N;\n\n    fn bar(_: Self::N); // ok!\n}\n\n// or:\n\nfn foo<T>(x: T) {} // ok!\n```\n\nAnother case that causes this error is when a type is imported into a parent\nmodule. To fix this, you can follow the suggestion and use File directly or\n`use super::File;` which will import the types from the parent namespace. An\nexample that causes this error is below:\n\n```compile_fail,E0412\nuse std::fs::File;\n\nmod foo {\n    fn some_function(f: File) {}\n}\n```\n\n```\nuse std::fs::File;\n\nmod foo {\n    // either\n    use super::File;\n    // or\n    // use std::fs::File;\n    fn foo(f: File) {}\n}\n# fn main() {} // don't insert it for us; that'll break imports\n```\n"},"level":"error","spans":[{"file_name":"src/kernel/event.rs","byte_start":909,"byte_end":913,"line_start":39,"line_end":39,"column_start":30,"column_end":34,"is_primary":true,"text":[{"text":"    pub committed_at: Option<Tick>,","highlight_start":30,"highlight_end":34}],"label":"not found in this scope","suggested_replacement":null,"suggestion_applicability":null,"expansion":null}],"children":[{"message":"consider importing this struct","code":null,"level":"help","spans":[{"file_name":"src/kernel/event.rs","byte_start":28,"byte_end":28,"line_start":4,"line_end":4,"column_start":1,"column_end":1,"is_primary":true,"text":[{"text":"#[derive(Debug, Clone, Copy, PartialEq, Eq, Hash)]","highlight_start":1,"highlight_end":1}],"label":null,"suggested_replacement":"use crate::kernel::time::Tick;\n\n","suggestion_applicability":"MaybeIncorrect","expansion":null}],"children":[],"rendered":null}],"rendered":"\u001b[1m\u001b[91merror[E0412]\u001b[0m\u001b[1m: cannot find type `Tick` in this scope\u001b[0m\n  \u001b[1m\u001b[94m--> \u001b[0msrc/kernel/event.rs:39:30\n   \u001b[1m\u001b[94m|\u001b[0m\n\u001b[1m\u001b[94m39\u001b[0m \u001b[1m\u001b[94m|\u001b[0m \u001b[1m\u001b[94m...\u001b[0mtion<Tick>,\n   \u001b[1m\u001b[94m|\u001b[0m         \u001b[1m\u001b[91m^^^^\u001b[0m \u001b[1m\u001b[91mnot found in this scope\u001b[0m\n   \u001b[1m\u001b[94m|\u001b[0m\n\u001b[1m\u001b[96mhelp\u001b[0m: consider importing this struct\n   \u001b[1m\u001b[94m|\u001b[0m\n \u001b[1m\u001b[94m4\u001b[0m \u001b[92m+ use crate::kernel::time::Tick;\u001b[0m\n   \u001b[1m\u001b[94m|\u001b[0m\n\n"}
{"$message_type":"diagnostic","message":"irrefutable `if let` pattern","code":{"code":"irrefutable_let_patterns","explanation":null},"level":"warning","spans":[{"file_name":"src/kernel/reactor.rs","byte_start":2594,"byte_end":2623,"line_start":82,"line_end":82,"column_start":20,"column_end":49,"is_primary":true,"text":[{"text":"                if let Event::Input(inp) = event {","highlight_start":20,"highlight_end":49}],"label":null,"suggested_replacement":null,"suggestion_applicability":null,"expansion":null}],"children":[{"message":"this pattern will always match, so the `if let` is useless","code":null,"level":"note","spans":[],"children":[],"rendered":null},{"message":"consider replacing the `if let` with a `let`","code":null,"level":"help","spans":[],"children":[],"rendered":null},{"message":"`#[warn(irrefutable_let_patterns)]` on by default","code":null,"level":"note","spans":[],"children":[],"rendered":null}],"rendered":"\u001b[1m\u001b[33mwarning\u001b[0m\u001b[1m: irrefutable `if let` pattern\u001b[0m\n  \u001b[1m\u001b[94m--> \u001b[0msrc/kernel/reactor.rs:82:20\n   \u001b[1m\u001b[94m|\u001b[0m\n\u001b[1m\u001b[94m82\u001b[0m \u001b[1m\u001b[94m|\u001b[0m \u001b[1m\u001b[94m...\u001b[0mif let Event::Input(inp) = event {\n   \u001b[1m\u001b[94m|\u001b[0m       \u001b[1m\u001b[33m^^^^^^^^^^^^^^^^^^^^^^^^^^^^^\u001b[0m\n   \u001b[1m\u001b[94m|\u001b[0m\n   \u001b[1m\u001b[94m= \u001b[0m\u001b[1mnote\u001b[0m: this pattern will always match, so the `if let` is useless\n   \u001b[1m\u001b[94m= \u001b[0m\u001b[1mhelp\u001b[0m: consider replacing the `if let` with a `let`\n   \u001b[1m\u001b[94m= \u001b[0m\u001b[1mnote\u001b[0m: `#[warn(irrefutable_let_patterns)]` on by default\n\n"}
{"$message_type":"diagnostic","message":"unused variable: `tx`","code":{"code":"unused_variables","explanation":null},"level":"warning","spans":[{"file_name":"src/main.rs","byte_start":324,"byte_end":326,"line_start":15,"line_end":15,"column_start":10,"column_end":12,"is_primary":true,"text":[{"text":"    let (tx, rx) = mpsc::channel(100);","highlight_start":10,"highlight_end":12}],"label":null,"suggested_replacement":null,"suggestion_applicability":null,"expansion":null}],"children":[{"message":"`#[warn(unused_variables)]` (part of `#[warn(unused)]`) on by default","code":null,"level":"note","spans":[],"children":[],"rendered":null},{"message":"if this is intentional, prefix it with an underscore","code":null,"level":"help","spans":[{"file_name":"src/main.rs","byte_start":324,"byte_end":326,"line_start":15,"line_end":15,"column_start":10,"column_end":12,"is_primary":true,"text":[{"text":"    let (tx, rx) = mpsc::channel(100);","highlight_start":10,"highlight_end":12}],"label":null,"suggested_replacement":"_tx","suggestion_applicability":"MachineApplicable","expansion":null}],"children":[],"rendered":null}],"rendered":"\u001b[1m\u001b[33mwarning\u001b[0m\u001b[1m: unused variable: `tx`\u001b[0m\n  \u001b[1m\u001b[94m--> \u001b[0msrc/main.rs:15:10\n   \u001b[1m\u001b[94m|\u001b[0m\n\u001b[1m\u001b[94m15\u001b[0m \u001b[1m\u001b[94m|\u001b[0m     let (tx, rx) = mps\u001b[1m\u001b[94m...\u001b[0m\n   \u001b[1m\u001b[94m|\u001b[0m          \u001b[1m\u001b[33m^^\u001b[0m \u001b[1m\u001b[33mhelp: if this is intentional, prefix it with an underscore: `_tx`\u001b[0m\n   \u001b[1m\u001b[94m|\u001b[0m\n   \u001b[1m\u001b[94m= \u001b[0m\u001b[1mnote\u001b[0m: `#[warn(unused_variables)]` (part of `#[warn(unused)]`) on by default\n\n"}
{"$message_type":"diagnostic","message":"aborting due to 2 previous errors; 2 warnings emitted","code":null,"level":"error","spans":[],"children":[],"rendered":"\u001b[1m\u001b[91merror\u001b[0m\u001b[1m: aborting due to 2 previous errors; 2 warnings emitted\u001b[0m\n\n"}
{"$message_type":"diagnostic","message":"For more information about this error, try `rustc --explain E0412`.","code":null,"level":"failure-note","spans":[],"children":[],"rendered":"\u001b[1mFor more information about this error, try `rustc --explain E0412`.\u001b[0m\n"}
